[2020-08-26T19:51:23,253 INFO ] BankApp.App - The main() method is called
[2020-08-26T19:51:23,259 INFO ] BankApp.App - The deserializeFile() method is called
[2020-08-26T19:51:23,271 INFO ] BankApp.App - The deserializeJointFile() method is called
[2020-08-26T19:51:23,275 INFO ] BankApp.App - The single accounts list is populated is called
[2020-08-26T19:51:23,276 INFO ] BankApp.App - The deserializeFile() method is called
[2020-08-26T19:51:23,277 ERROR] BankApp.App - File not accessible
[2020-08-26T19:51:23,277 INFO ] BankApp.App - The deserializeJointFile() method is called
[2020-08-26T19:51:23,277 ERROR] BankApp.App - File not accessible
[2020-08-26T19:51:23,278 INFO ] BankApp.App - The joint accounts list is populated is called
[2020-08-26T19:51:23,278 INFO ] BankApp.App - The start() method is called
[2020-08-26T19:51:33,320 INFO ] BankApp.App - New user was selected
[2020-08-26T19:51:33,320 INFO ] BankApp.App - New accounts variables initialized
[2020-08-26T19:51:46,638 INFO ] BankApp.App - The userValidation() method is called
[2020-08-26T19:51:46,639 INFO ] BankApp.App - The userValidation() method is called
[2020-08-26T19:51:46,639 INFO ] BankApp.App - The userValidation() method is called
[2020-08-26T19:51:46,639 INFO ] BankApp.App - The userValidation() method is called
[2020-08-26T19:51:46,640 INFO ] BankApp.App - The userValidation() method is called
[2020-08-26T19:51:46,640 INFO ] BankApp.App - New user being validated
[2020-08-26T19:52:35,027 INFO ] BankApp.App - New user created
[2020-08-26T19:52:35,027 INFO ] BankApp.App - The serializeFile() method is called
[2020-08-26T19:52:35,033 INFO ] BankApp.App - The start() method is called
[2020-08-26T19:52:40,595 INFO ] BankApp.App - New user was selected
[2020-08-26T19:52:40,595 INFO ] BankApp.App - New accounts variables initialized
[2020-08-26T19:53:02,843 INFO ] BankApp.App - The userValidation() method is called
[2020-08-26T19:53:02,844 INFO ] BankApp.App - The userValidation() method is called
[2020-08-26T19:53:02,844 INFO ] BankApp.App - The userValidation() method is called
[2020-08-26T19:53:02,844 INFO ] BankApp.App - The userValidation() method is called
[2020-08-26T19:53:02,844 INFO ] BankApp.App - The userValidation() method is called
[2020-08-26T19:53:02,844 INFO ] BankApp.App - New joint user being validated
[2020-08-26T19:53:44,012 INFO ] BankApp.App - The userValidation() method is called
[2020-08-26T19:53:44,012 INFO ] BankApp.App - The userValidation() method is called
[2020-08-26T19:53:44,013 INFO ] BankApp.App - The userValidation() method is called
[2020-08-26T19:53:44,013 INFO ] BankApp.App - The userValidation() method is called
[2020-08-26T19:53:44,013 INFO ] BankApp.App - The userValidation() method is called
[2020-08-26T19:53:44,013 INFO ] BankApp.App - New joint user 2 being validated
[2020-08-26T19:54:31,885 INFO ] BankApp.App - The main() method is called
[2020-08-26T19:54:51,469 INFO ] BankApp.App - The main() method is called
[2020-08-26T19:54:51,479 INFO ] BankApp.App - The deserializeFile() method is called
[2020-08-26T19:54:51,495 INFO ] BankApp.App - The deserializeJointFile() method is called
[2020-08-26T19:54:51,501 INFO ] BankApp.App - The single accounts list is populated is called
[2020-08-26T19:54:51,501 INFO ] BankApp.App - The deserializeFile() method is called
[2020-08-26T19:54:51,504 INFO ] BankApp.App - The deserializeJointFile() method is called
[2020-08-26T19:54:51,505 ERROR] BankApp.App - File not accessible
[2020-08-26T19:54:51,506 INFO ] BankApp.App - The joint accounts list is populated is called
[2020-08-26T19:54:51,506 INFO ] BankApp.App - The start() method is called
[2020-08-26T19:54:53,899 INFO ] BankApp.App - New user was selected
[2020-08-26T19:54:53,899 INFO ] BankApp.App - New accounts variables initialized
[2020-08-26T19:55:01,639 INFO ] BankApp.App - The userValidation() method is called
[2020-08-26T19:55:31,574 INFO ] BankApp.App - The userValidation() method is called
[2020-08-26T19:55:41,670 INFO ] BankApp.App - The userValidation() method is called
[2020-08-26T19:55:58,419 INFO ] BankApp.App - The userValidation() method is called
[2020-08-26T19:56:02,632 INFO ] BankApp.App - The userValidation() method is called
[2020-08-26T19:56:11,576 INFO ] BankApp.App - New user being validated
[2020-08-26T19:56:23,869 INFO ] BankApp.App - The main() method is called
[2020-08-26T19:56:23,880 INFO ] BankApp.App - The deserializeFile() method is called
[2020-08-26T19:56:23,898 INFO ] BankApp.App - The deserializeJointFile() method is called
[2020-08-26T19:56:23,904 INFO ] BankApp.App - The single accounts list is populated is called
[2020-08-26T19:56:23,905 INFO ] BankApp.App - The deserializeFile() method is called
[2020-08-26T19:56:23,907 INFO ] BankApp.App - The deserializeJointFile() method is called
[2020-08-26T19:56:23,908 ERROR] BankApp.App - File not accessible
[2020-08-26T19:56:23,908 INFO ] BankApp.App - The joint accounts list is populated is called
[2020-08-26T19:56:23,909 INFO ] BankApp.App - The start() method is called
[2020-08-26T19:56:26,657 INFO ] BankApp.App - New user was selected
[2020-08-26T19:56:26,657 INFO ] BankApp.App - New accounts variables initialized
[2020-08-26T19:56:31,955 INFO ] BankApp.App - The userValidation() method is called
[2020-08-26T19:57:56,330 INFO ] BankApp.App - The main() method is called
[2020-08-26T19:57:56,413 INFO ] BankApp.App - The deserializeFile() method is called
[2020-08-26T19:57:56,437 INFO ] BankApp.App - The deserializeJointFile() method is called
[2020-08-26T19:57:56,444 INFO ] BankApp.App - The single accounts list is populated is called
[2020-08-26T19:57:56,444 INFO ] BankApp.App - The deserializeFile() method is called
[2020-08-26T19:57:56,447 INFO ] BankApp.App - The deserializeJointFile() method is called
[2020-08-26T19:57:56,448 ERROR] BankApp.App - File not accessible
[2020-08-26T19:57:56,448 INFO ] BankApp.App - The joint accounts list is populated is called
[2020-08-26T19:57:56,449 INFO ] BankApp.App - The start() method is called
[2020-08-26T19:58:09,136 INFO ] BankApp.App - New user was selected
[2020-08-26T19:58:09,136 INFO ] BankApp.App - New accounts variables initialized
[2020-08-26T19:58:18,866 INFO ] BankApp.App - The userValidation() method is called
[2020-08-26T19:58:31,067 ERROR] BankApp.App - Username already exists
[2020-08-26T19:59:51,943 INFO ] BankApp.App - The main() method is called
[2020-08-26T19:59:51,947 INFO ] BankApp.App - The deserializeFile() method is called
[2020-08-26T19:59:51,959 INFO ] BankApp.App - The deserializeJointFile() method is called
[2020-08-26T19:59:51,963 INFO ] BankApp.App - The single accounts list is populated is called
[2020-08-26T19:59:51,963 INFO ] BankApp.App - The deserializeFile() method is called
[2020-08-26T19:59:51,964 INFO ] BankApp.App - The deserializeJointFile() method is called
[2020-08-26T19:59:51,965 ERROR] BankApp.App - File not accessible
[2020-08-26T19:59:51,965 INFO ] BankApp.App - The joint accounts list is populated is called
[2020-08-26T19:59:51,966 INFO ] BankApp.App - The start() method is called
[2020-08-26T19:59:59,702 INFO ] BankApp.App - New user was selected
[2020-08-26T19:59:59,702 INFO ] BankApp.App - New accounts variables initialized
[2020-08-26T20:00:05,023 INFO ] BankApp.App - The userValidation() method is called
[2020-08-26T20:00:05,024 INFO ] BankApp.App - The userValidation() method is called
[2020-08-26T20:00:05,024 INFO ] BankApp.App - The userValidation() method is called
[2020-08-26T20:00:05,024 INFO ] BankApp.App - The userValidation() method is called
[2020-08-26T20:00:05,024 INFO ] BankApp.App - The userValidation() method is called
[2020-08-26T20:00:05,024 INFO ] BankApp.App - New joint user being validated
[2020-08-26T20:00:22,371 INFO ] BankApp.App - The userValidation() method is called
[2020-08-26T20:00:22,371 INFO ] BankApp.App - The userValidation() method is called
[2020-08-26T20:00:22,371 INFO ] BankApp.App - The userValidation() method is called
[2020-08-26T20:00:22,371 INFO ] BankApp.App - The userValidation() method is called
[2020-08-26T20:00:22,371 INFO ] BankApp.App - The userValidation() method is called
[2020-08-26T20:00:22,372 INFO ] BankApp.App - New joint user 2 being validated
[2020-08-26T20:00:46,267 INFO ] BankApp.App - New joint user created
[2020-08-26T20:00:46,267 INFO ] BankApp.App - The serializeJointFile() method is called
[2020-08-26T20:00:46,273 INFO ] BankApp.App - The start() method is called
[2020-08-26T20:00:50,654 INFO ] BankApp.App - Program exited
[2020-08-26T20:00:55,355 INFO ] BankApp.App - The main() method is called
[2020-08-26T20:00:55,360 INFO ] BankApp.App - The deserializeFile() method is called
[2020-08-26T20:00:55,373 INFO ] BankApp.App - The deserializeJointFile() method is called
[2020-08-26T20:00:55,376 INFO ] BankApp.App - The single accounts list is populated is called
[2020-08-26T20:00:55,376 INFO ] BankApp.App - The deserializeFile() method is called
[2020-08-26T20:00:55,378 INFO ] BankApp.App - The deserializeJointFile() method is called
[2020-08-26T20:00:55,380 INFO ] BankApp.App - The joint accounts list is populated is called
[2020-08-26T20:00:55,380 INFO ] BankApp.App - The start() method is called
[2020-08-26T20:02:06,687 INFO ] BankApp.App - The main() method is called
[2020-08-26T20:02:06,691 INFO ] BankApp.App - The deserializeFile() method is called
[2020-08-26T20:02:06,705 INFO ] BankApp.App - The deserializeJointFile() method is called
[2020-08-26T20:02:06,710 INFO ] BankApp.App - The single accounts list is populated is called
[2020-08-26T20:02:06,710 INFO ] BankApp.App - The deserializeFile() method is called
[2020-08-26T20:02:06,713 INFO ] BankApp.App - The deserializeJointFile() method is called
[2020-08-26T20:02:06,716 INFO ] BankApp.App - The joint accounts list is populated is called
[2020-08-26T20:02:06,716 INFO ] BankApp.App - The start() method is called
[2020-08-26T20:02:54,189 INFO ] BankApp.App - The main() method is called
[2020-08-26T20:02:54,194 INFO ] BankApp.App - The deserializeFile() method is called
[2020-08-26T20:02:54,207 INFO ] BankApp.App - The deserializeJointFile() method is called
[2020-08-26T20:02:54,210 INFO ] BankApp.App - The single accounts list is populated is called
[2020-08-26T20:02:54,210 INFO ] BankApp.App - The deserializeFile() method is called
[2020-08-26T20:02:54,212 INFO ] BankApp.App - The deserializeJointFile() method is called
[2020-08-26T20:02:54,214 INFO ] BankApp.App - The joint accounts list is populated is called
[2020-08-26T20:02:54,215 INFO ] BankApp.App - The start() method is called
[2020-08-26T20:02:58,411 INFO ] BankApp.App - New user was selected
[2020-08-26T20:02:58,411 INFO ] BankApp.App - New accounts variables initialized
[2020-08-26T20:03:04,339 INFO ] BankApp.App - The userValidation() method is called
[2020-08-26T20:03:04,340 INFO ] BankApp.App - The userValidation() method is called
[2020-08-26T20:03:04,340 ERROR] BankApp.App - Username already exists
